13:24:14 - .fls file missing
13:24:14 - Changed files: milestone1.tex
13:24:14 - Beginning build
13:24:15 - Built
13:24:15 - copying pdf
13:24:15 - copying log
13:24:15 - Changed files: milestone1.toc, milestone1.aux
13:24:15 - Beginning build
13:24:15 - Built
13:24:15 - copying pdf
13:24:15 - copying log
13:24:16 - Touched files: milestone1.toc, milestone1.aux
13:26:22 - Changed files: milestone1.tex
13:26:22 - Beginning build
13:26:23 - Built
13:26:23 - copying pdf
13:26:23 - copying log
13:26:23 - Changed files: milestone1.toc, milestone1.aux
13:26:23 - Beginning build
13:26:24 - Built
13:26:24 - copying pdf
13:26:24 - copying log
13:26:24 - Changed files: milestone1.tex
13:26:24 - Beginning build
13:26:24 - Built
13:26:24 - copying pdf
13:26:24 - copying log
13:27:11 - Changed files: milestone1.tex
13:27:11 - Beginning build
13:27:11 - Built
13:27:11 - copying pdf
13:27:11 - copying log
13:27:12 - Changed files: milestone1.toc, milestone1.aux
13:27:12 - Beginning build
13:27:12 - Built
13:27:12 - copying pdf
13:27:12 - copying log
13:27:12 - Touched files: milestone1.toc, milestone1.aux
13:27:30 - Touched files: milestone1.tex
13:32:34 - Changed files: milestone1.tex
13:32:34 - Beginning build
13:32:35 - Built
13:32:35 - copying pdf
13:32:35 - copying log
13:32:35 - Changed files: milestone1.toc, milestone1.aux
13:32:35 - Beginning build
13:32:36 - Built
13:32:36 - copying pdf
13:32:36 - copying log
13:32:36 - Touched files: milestone1.toc, milestone1.aux
13:32:57 - Changed files: milestone1.tex
13:32:57 - Beginning build
13:32:58 - Built
13:32:58 - copying pdf
13:32:58 - copying log
13:32:58 - Changed files: milestone1.toc, milestone1.aux
13:32:58 - Beginning build
13:32:58 - Built
13:32:58 - copying pdf
13:32:58 - copying log
13:32:59 - Touched files: milestone1.toc, milestone1.aux
13:33:07 - Changed files: milestone1.tex
13:33:07 - Beginning build
13:33:08 - Built
13:33:08 - copying pdf
13:33:08 - copying log
13:33:08 - Touched files: milestone1.toc, milestone1.aux
13:33:26 - Changed files: milestone1.tex
13:33:26 - Beginning build
13:33:27 - Built
13:33:27 - copying pdf
13:33:27 - copying log
13:33:27 - Changed files: milestone1.toc, milestone1.aux
13:33:27 - Beginning build
13:33:28 - Built
13:33:28 - copying pdf
13:33:28 - copying log
13:33:47 - Changed files: milestone1.tex
13:33:47 - Beginning build
13:33:48 - Built
13:33:48 - copying pdf
13:33:48 - copying log
13:33:48 - Changed files: milestone1.aux
13:33:48 - Beginning build
13:33:49 - Built
13:33:49 - copying pdf
13:33:49 - copying log
13:34:19 - Changed files: milestone1.tex
13:34:19 - Beginning build
13:34:19 - Built
13:34:19 - copying pdf
13:34:19 - copying log
13:34:19 - Changed files: milestone1.toc, milestone1.aux
13:34:19 - Beginning build
13:34:20 - Built
13:34:20 - copying pdf
13:34:20 - copying log
13:34:20 - Touched files: milestone1.toc, milestone1.aux
13:39:11 - Touched files: milestone1.tex
14:13:40 - Touched files: milestone1.tex
14:16:54 - Changed files: milestone1.tex
14:16:54 - Beginning build
14:16:54 - Built
14:16:54 - copying pdf
14:16:54 - copying log
14:16:55 - Touched files: milestone1.toc, milestone1.aux
14:18:15 - Changed files: milestone1.tex
14:18:15 - Beginning build
14:18:16 - Built
14:18:16 - copying pdf
14:18:16 - copying log
14:18:16 - Touched files: milestone1.toc, milestone1.aux
14:18:17 - Changed files: milestone1.tex
14:18:17 - Beginning build
14:18:17 - Built
14:18:17 - copying pdf
14:18:17 - copying log
14:18:18 - Touched files: milestone1.toc, milestone1.aux
14:18:32 - Changed files: milestone1.tex
14:18:32 - Beginning build
14:18:32 - Built
14:18:32 - copying pdf
14:18:32 - copying log
14:18:33 - Touched files: milestone1.toc, milestone1.aux
14:21:18 - Changed files: milestone1.tex
14:21:18 - Beginning build
14:21:18 - Built
14:21:18 - copying pdf
14:21:18 - copying log
14:21:19 - Touched files: milestone1.toc, milestone1.aux
14:21:43 - Changed files: milestone1.tex
14:21:43 - Beginning build
14:21:44 - Built
14:21:44 - copying pdf
14:21:44 - copying log
14:21:44 - Touched files: milestone1.toc, milestone1.aux
14:22:02 - Changed files: milestone1.tex
14:22:02 - Beginning build
14:22:02 - Built
14:22:02 - copying pdf
14:22:02 - copying log
14:22:02 - Touched files: milestone1.toc, milestone1.aux
14:22:11 - Changed files: milestone1.tex
14:22:11 - Beginning build
14:22:12 - Built
14:22:12 - copying pdf
14:22:12 - copying log
14:22:12 - Touched files: milestone1.toc, milestone1.aux
14:22:28 - Changed files: milestone1.tex
14:22:28 - Beginning build
14:22:29 - Built
14:22:29 - copying pdf
14:22:29 - copying log
14:22:29 - Changed files: milestone1.tex
14:22:29 - Beginning build
14:22:29 - Built
14:22:29 - copying pdf
14:22:29 - copying log
14:22:30 - Touched files: milestone1.toc, milestone1.aux
14:22:39 - Touched files: milestone1.tex
14:22:42 - Changed files: milestone1.tex
14:22:42 - Beginning build
14:22:43 - Built
14:22:43 - copying pdf
14:22:43 - copying log
14:22:43 - Touched files: milestone1.toc, milestone1.aux
14:23:10 - Changed files: milestone1.tex
14:23:10 - Beginning build
14:23:11 - Built
14:23:11 - copying pdf
14:23:11 - copying log
14:23:11 - Touched files: milestone1.toc, milestone1.aux
14:23:18 - Touched files: milestone1.tex
14:23:25 - Touched files: milestone1.tex
14:23:28 - Changed files: milestone1.tex
14:23:28 - Beginning build
14:23:29 - Built
14:23:29 - copying pdf
14:23:29 - copying log
14:23:29 - Touched files: milestone1.toc, milestone1.aux
14:23:46 - Changed files: milestone1.tex
14:23:46 - Beginning build
14:23:47 - Built
14:23:47 - copying pdf
14:23:47 - copying log
14:23:47 - Touched files: milestone1.toc, milestone1.aux
14:23:53 - Changed files: milestone1.tex
14:23:53 - Beginning build
14:23:53 - Built
14:23:53 - copying pdf
14:23:53 - copying log
14:23:54 - Touched files: milestone1.toc, milestone1.aux
14:25:18 - Changed files: milestone1.tex
14:25:18 - Beginning build
14:25:19 - Built
14:25:19 - copying pdf
14:25:19 - copying log
14:25:19 - Touched files: milestone1.toc, milestone1.aux
14:27:40 - Changed files: milestone1.tex
14:27:40 - Beginning build
14:27:40 - Built
14:27:40 - copying pdf
14:27:40 - copying log
14:27:41 - Touched files: milestone1.toc, milestone1.aux
14:27:49 - Changed files: milestone1.tex
14:27:49 - Beginning build
14:27:50 - Built
14:27:50 - copying pdf
14:27:50 - copying log
14:27:50 - Touched files: milestone1.toc, milestone1.aux
14:29:53 - Changed files: milestone1.tex
14:29:53 - Beginning build
14:29:53 - Built
14:29:53 - copying pdf
14:29:53 - copying log
14:29:53 - Touched files: milestone1.toc, milestone1.aux
14:30:18 - Changed files: milestone1.tex
14:30:18 - Beginning build
14:30:19 - Built
14:30:19 - copying pdf
14:30:19 - copying log
14:30:19 - Touched files: milestone1.toc, milestone1.aux
14:31:09 - Changed files: milestone1.tex
14:31:09 - Beginning build
14:31:09 - Built
14:31:09 - copying pdf
14:31:09 - copying log
14:31:09 - Touched files: milestone1.toc, milestone1.aux
14:32:55 - Touched files: milestone1.tex
14:33:04 - Changed files: milestone1.tex
14:33:04 - Beginning build
14:33:05 - Built
14:33:05 - copying pdf
14:33:05 - copying log
14:33:05 - Touched files: milestone1.toc, milestone1.aux
14:35:53 - Changed files: milestone1.tex
14:35:53 - Beginning build
14:35:54 - Built
14:35:54 - copying pdf
14:35:54 - copying log
14:35:54 - Touched files: milestone1.toc, milestone1.aux
14:48:47 - Touched files: milestone1.tex
14:50:56 - Changed files: milestone1.tex
14:50:56 - Beginning build
14:50:57 - Built
14:50:57 - copying pdf
14:50:57 - copying log
14:50:57 - Changed files: milestone1.aux
14:50:57 - Beginning build
14:50:57 - Built
14:50:57 - copying pdf
14:50:57 - copying log
14:50:58 - Touched files: milestone1.aux
15:12:52 - Changed files: milestone1.tex
15:12:52 - Beginning build
15:12:53 - Built
15:12:53 - copying pdf
15:12:53 - copying log
15:12:53 - Changed files: milestone1.aux
15:12:53 - Beginning build
15:12:54 - Built
15:12:54 - copying pdf
15:12:54 - copying log
15:12:54 - Touched files: milestone1.aux
15:15:32 - Changed files: milestone1.tex
15:15:32 - Beginning build
15:15:33 - Built
15:15:33 - copying pdf
15:15:33 - copying log
15:15:33 - Changed files: milestone1.aux
15:15:33 - Beginning build
15:15:33 - Built
15:15:33 - copying pdf
15:15:33 - copying log
15:19:00 - Changed files: milestone1.tex
15:19:00 - Beginning build
15:19:01 - Built
15:19:01 - copying pdf
15:19:01 - copying log
15:19:01 - Touched files: milestone1.aux
15:19:26 - Changed files: milestone1.tex
15:19:26 - Beginning build
15:19:26 - Built
15:19:26 - copying pdf
15:19:26 - copying log
15:19:27 - Changed files: milestone1.aux
15:19:27 - Beginning build
15:19:27 - Built
15:19:27 - copying pdf
15:19:27 - copying log
15:19:27 - Touched files: milestone1.aux
15:21:00 - Changed files: milestone1.tex
15:21:00 - Beginning build
15:21:01 - Built
15:21:01 - copying pdf
15:21:01 - copying log
15:21:01 - Touched files: milestone1.aux
15:21:23 - Changed files: milestone1.tex
15:21:23 - Beginning build
15:21:24 - Built
15:21:24 - copying pdf
15:21:24 - copying log
15:21:24 - Touched files: milestone1.aux
15:33:43 - Changed files: milestone1.tex
15:33:43 - Beginning build
15:33:43 - Built
15:33:43 - copying pdf
15:33:43 - copying log
15:33:43 - Touched files: milestone1.aux
15:34:13 - Changed files: milestone1.tex
15:34:13 - Beginning build
15:34:14 - Built
15:34:14 - copying pdf
15:34:14 - copying log
15:34:14 - Touched files: milestone1.aux
15:34:22 - Changed files: milestone1.tex
15:34:22 - Beginning build
15:34:22 - Built
15:34:22 - copying pdf
15:34:22 - copying log
15:34:22 - Touched files: milestone1.aux
15:34:25 - Changed files: milestone1.tex
15:34:25 - Beginning build
15:34:25 - Built
15:34:25 - copying pdf
15:34:25 - copying log
15:34:26 - Touched files: milestone1.aux
15:34:26 - Changed files: milestone1.tex
15:34:26 - Beginning build
15:34:27 - Built
15:34:27 - copying pdf
15:34:27 - copying log
15:34:27 - Touched files: milestone1.aux
15:34:48 - Changed files: milestone1.tex
15:34:48 - Beginning build
15:34:49 - Built
15:34:49 - copying pdf
15:34:49 - copying log
15:34:49 - Touched files: milestone1.aux
15:35:03 - Changed files: milestone1.tex
15:35:03 - Beginning build
15:35:04 - Built
15:35:04 - copying pdf
15:35:04 - copying log
15:35:04 - Touched files: milestone1.aux
15:35:06 - Touched files: milestone1.tex
15:35:42 - Changed files: milestone1.tex
15:35:42 - Beginning build
15:35:43 - Built
15:35:43 - copying pdf
15:35:43 - copying log
15:35:43 - Touched files: milestone1.aux
15:36:18 - Changed files: milestone1.tex
15:36:18 - Beginning build
15:36:19 - Built
15:36:19 - copying pdf
15:36:19 - copying log
15:36:19 - Touched files: milestone1.aux
15:37:25 - Touched files: milestone1.tex
15:46:43 - Changed files: milestone1.tex
15:46:43 - Beginning build
15:46:44 - Built
15:46:44 - copying pdf
15:46:44 - copying log
15:46:44 - Touched files: milestone1.aux
15:47:22 - Changed files: milestone1.tex
15:47:22 - Beginning build
15:47:23 - Built
15:47:23 - copying pdf
15:47:23 - copying log
15:47:23 - Touched files: milestone1.aux
15:47:40 - Changed files: milestone1.tex
15:47:40 - Beginning build
15:47:41 - Built
15:47:41 - copying pdf
15:47:41 - copying log
15:47:41 - Changed files: milestone1.aux
15:47:41 - Beginning build
15:47:42 - Built
15:47:42 - copying pdf
15:47:42 - copying log
15:47:42 - Touched files: milestone1.aux
15:48:13 - Changed files: milestone1.tex
15:48:13 - Beginning build
15:48:14 - Built
15:48:14 - copying pdf
15:48:14 - copying log
15:48:14 - Changed files: milestone1.aux
15:48:14 - Beginning build
15:48:14 - Built
15:48:14 - copying pdf
15:48:14 - copying log
15:48:14 - Touched files: milestone1.aux
15:48:40 - Changed files: milestone1.tex
15:48:40 - Beginning build
15:48:40 - Built
15:48:40 - copying pdf
15:48:40 - copying log
15:48:40 - Changed files: milestone1.aux
15:48:40 - Beginning build
15:48:41 - Built
15:48:41 - copying pdf
15:48:41 - copying log
15:48:41 - Touched files: milestone1.aux
15:49:11 - Changed files: milestone1.tex
15:49:11 - Beginning build
15:49:11 - Built
15:49:11 - copying pdf
15:49:11 - copying log
15:49:12 - Changed files: milestone1.aux
15:49:12 - Beginning build
15:49:12 - Built
15:49:12 - copying pdf
15:49:12 - copying log
15:49:13 - Touched files: milestone1.aux
15:49:17 - Changed files: milestone1.tex
15:49:17 - Beginning build
15:49:18 - Built
15:49:18 - copying pdf
15:49:18 - copying log
15:49:18 - Touched files: milestone1.aux
15:49:31 - Changed files: milestone1.tex
15:49:31 - Beginning build
15:49:31 - Built
15:49:31 - copying pdf
15:49:31 - copying log
15:49:31 - Touched files: milestone1.aux
15:49:44 - Changed files: milestone1.tex
15:49:44 - Beginning build
15:49:44 - Built
15:49:44 - copying pdf
15:49:44 - copying log
15:49:44 - Touched files: milestone1.aux
15:49:57 - Changed files: milestone1.tex
15:49:57 - Beginning build
15:49:57 - Built
15:49:57 - copying pdf
15:49:57 - copying log
15:49:58 - Changed files: milestone1.aux
15:49:58 - Beginning build
15:49:58 - Built
15:49:58 - copying pdf
15:49:58 - copying log
15:49:58 - Touched files: milestone1.aux
15:50:01 - Changed files: milestone1.tex
15:50:01 - Beginning build
15:50:02 - Built
15:50:02 - copying pdf
15:50:02 - copying log
15:50:02 - Changed files: milestone1.aux
15:50:02 - Beginning build
15:50:02 - Built
15:50:02 - copying pdf
15:50:02 - copying log
15:52:12 - Changed files: milestone1.tex
15:52:12 - Beginning build
15:52:13 - Built
15:52:13 - copying pdf
15:52:13 - copying log
15:52:13 - Touched files: milestone1.aux
15:52:28 - Changed files: milestone1.tex
15:52:28 - Beginning build
15:52:29 - Built
15:52:29 - copying pdf
15:52:29 - copying log
15:52:29 - Touched files: milestone1.aux
15:52:33 - Changed files: milestone1.tex
15:52:33 - Beginning build
15:52:34 - Built
15:52:34 - copying pdf
15:52:34 - copying log
15:52:34 - Touched files: milestone1.aux
15:56:48 - Time stamp error, always build
15:56:48 - Beginning build
15:56:48 - Built
15:56:48 - copying pdf
15:56:48 - copying log
15:56:49 - Changed files: milestone1.tex, milestone1.aux
15:56:49 - Beginning build
15:56:49 - Built
15:56:49 - copying pdf
15:56:49 - copying log
15:56:50 - Touched files: milestone1.aux
15:56:58 - Changed files: milestone1.tex
15:56:58 - Beginning build
15:56:59 - Built
15:56:59 - copying pdf
15:56:59 - copying log
15:56:59 - Changed files: milestone1.aux
15:56:59 - Beginning build
15:57:00 - Built
15:57:00 - copying pdf
15:57:00 - copying log
15:57:00 - Touched files: milestone1.aux
15:57:32 - Changed files: milestone1.tex
15:57:32 - Beginning build
15:57:33 - Built
15:57:33 - copying pdf
15:57:33 - copying log
15:57:33 - Touched files: milestone1.aux
15:59:00 - Changed files: milestone1.tex
15:59:00 - Beginning build
15:59:00 - Built
15:59:00 - copying pdf
15:59:00 - copying log
15:59:00 - Changed files: milestone1.aux
15:59:00 - Beginning build
15:59:01 - Built
15:59:01 - copying pdf
15:59:01 - copying log
15:59:01 - Touched files: milestone1.aux
15:59:19 - Changed files: milestone1.tex
15:59:19 - Beginning build
15:59:19 - Built
15:59:19 - copying pdf
15:59:19 - copying log
15:59:20 - Changed files: milestone1.aux
15:59:20 - Beginning build
15:59:20 - Built
15:59:20 - copying pdf
15:59:20 - copying log
15:59:20 - Touched files: milestone1.aux
15:59:29 - Changed files: milestone1.tex
15:59:29 - Beginning build
15:59:30 - Built
15:59:30 - copying pdf
15:59:30 - copying log
15:59:30 - Touched files: milestone1.aux
16:40:37 - Changed files: milestone1.tex
16:40:37 - Beginning build
16:40:38 - Built
16:40:38 - copying pdf
16:40:38 - copying log
16:40:38 - Changed files: graphics/db.png, ./graphics/db.png
16:40:38 - Beginning build
16:40:39 - Built
16:40:39 - copying pdf
16:40:39 - copying log
16:40:39 - Changed files: milestone1.tex
16:40:39 - Beginning build
16:40:40 - Built
16:40:40 - copying pdf
16:40:40 - copying log
16:40:40 - Touched files: milestone1.aux
16:41:28 - Changed files: milestone1.tex
16:41:28 - Beginning build
16:41:29 - Built
16:41:29 - copying pdf
16:41:29 - copying log
16:41:29 - Changed files: milestone1.aux
16:41:29 - Beginning build
16:41:30 - Built
16:41:30 - copying pdf
16:41:30 - copying log
16:41:30 - Touched files: milestone1.aux
16:42:05 - Changed files: milestone1.tex
16:42:05 - Beginning build
16:42:06 - Built
16:42:06 - copying pdf
16:42:06 - copying log
16:42:06 - Changed files: milestone1.aux
16:42:06 - Beginning build
16:42:07 - Built
16:42:07 - copying pdf
16:42:07 - copying log
16:42:07 - Touched files: milestone1.aux
16:42:28 - Changed files: milestone1.tex
16:42:28 - Beginning build
16:42:29 - Built
16:42:29 - copying pdf
16:42:29 - copying log
16:42:29 - Touched files: milestone1.aux
16:42:45 - Changed files: milestone1.tex
16:42:45 - Beginning build
16:42:46 - Built
16:42:46 - copying pdf
16:42:46 - copying log
16:42:46 - Changed files: milestone1.aux
16:42:46 - Beginning build
16:42:47 - Built
16:42:47 - copying pdf
16:42:47 - copying log
16:42:47 - Touched files: milestone1.aux
16:42:56 - Changed files: milestone1.tex
16:42:56 - Beginning build
16:42:57 - Built
16:42:57 - copying pdf
16:42:57 - copying log
16:42:57 - Touched files: milestone1.aux
16:43:29 - Changed files: milestone1.tex
16:43:29 - Beginning build
16:43:30 - Built
16:43:30 - copying pdf
16:43:30 - copying log
16:43:30 - Changed files: milestone1.aux
16:43:30 - Beginning build
16:43:31 - Built
16:43:31 - copying pdf
16:43:31 - copying log
16:43:31 - Touched files: milestone1.aux
16:43:39 - Changed files: milestone1.tex
16:43:39 - Beginning build
16:43:40 - Built
16:43:40 - copying pdf
16:43:40 - copying log
16:43:40 - Touched files: milestone1.aux
16:43:43 - Changed files: milestone1.tex
16:43:43 - Beginning build
16:43:44 - Built
16:43:44 - copying pdf
16:43:44 - copying log
16:43:44 - Touched files: milestone1.aux
16:44:07 - Changed files: milestone1.tex
16:44:07 - Beginning build
16:44:08 - Built
16:44:08 - copying pdf
16:44:08 - copying log
16:44:08 - Touched files: milestone1.aux
16:44:48 - Changed files: milestone1.tex
16:44:48 - Beginning build
16:44:49 - Built
16:44:49 - copying pdf
16:44:49 - copying log
16:44:49 - Changed files: milestone1.aux
16:44:49 - Beginning build
16:44:50 - Built
16:44:50 - copying pdf
16:44:50 - copying log
16:44:50 - Touched files: milestone1.aux
16:45:04 - Changed files: milestone1.tex
16:45:04 - Beginning build
16:45:05 - Built
16:45:05 - copying pdf
16:45:05 - copying log
16:45:05 - Changed files: milestone1.aux
16:45:05 - Beginning build
16:45:06 - Built
16:45:06 - copying pdf
16:45:06 - copying log
16:45:06 - Touched files: milestone1.aux
16:45:17 - Changed files: milestone1.tex
16:45:17 - Beginning build
16:45:18 - Built
16:45:18 - copying pdf
16:45:18 - copying log
16:45:18 - Changed files: milestone1.aux
16:45:18 - Beginning build
16:45:19 - Built
16:45:19 - copying pdf
16:45:19 - copying log
16:45:19 - Touched files: milestone1.aux
16:45:52 - Changed files: milestone1.tex
16:45:52 - Beginning build
16:45:53 - Built
16:45:53 - copying pdf
16:45:53 - copying log
16:45:53 - Changed files: milestone1.aux
16:45:53 - Beginning build
16:45:53 - Built
16:45:53 - copying pdf
16:45:53 - copying log
16:45:54 - Touched files: milestone1.aux
16:49:04 - Changed files: milestone1.tex
16:49:04 - Beginning build
16:49:05 - Built
16:49:05 - copying pdf
16:49:05 - copying log
16:49:06 - Changed files: milestone1.aux
16:49:06 - Beginning build
16:49:06 - Built
16:49:06 - copying pdf
16:49:06 - copying log
16:49:07 - Touched files: milestone1.aux
16:51:45 - Changed files: milestone1.tex
16:51:45 - Beginning build
16:51:46 - Built
16:51:46 - copying pdf
16:51:46 - copying log
16:51:46 - Changed files: milestone1.aux
16:51:46 - Beginning build
16:51:47 - Built
16:51:47 - copying pdf
16:51:47 - copying log
16:51:47 - Touched files: milestone1.aux
16:52:24 - Changed files: milestone1.tex
16:52:24 - Beginning build
16:52:25 - Built
16:52:25 - copying pdf
16:52:25 - copying log
16:52:25 - Touched files: milestone1.aux
16:53:26 - Changed files: milestone1.tex
16:53:26 - Beginning build
16:53:27 - Built
16:53:27 - copying pdf
16:53:27 - copying log
16:53:27 - Touched files: milestone1.aux
16:53:50 - Touched files: milestone1.tex
16:55:56 - Changed files: milestone1.tex
16:55:56 - Beginning build
16:55:57 - Built
16:55:57 - copying pdf
16:55:57 - copying log
16:55:57 - Touched files: milestone1.aux
16:56:01 - Changed files: milestone1.tex
16:56:01 - Beginning build
16:56:02 - Built
16:56:02 - copying pdf
16:56:02 - copying log
16:56:02 - Touched files: milestone1.aux
16:56:04 - Changed files: milestone1.tex
16:56:04 - Beginning build
16:56:05 - Built
16:56:05 - copying pdf
16:56:05 - copying log
16:56:05 - Touched files: milestone1.aux
16:56:15 - Touched files: milestone1.tex
